<?xml version="1.0" encoding="UTF-8"?>
<!-- Generated by org.testng.reporters.JUnitXMLReporter -->
<testsuite ignored="0" hostname="DESKTOP-TGDFFQP" failures="0" tests="3" name="Default test" time="136.786" errors="0" timestamp="2023-01-14T13:00:29 IST">
  <testcase classname="neoStoxTestClass_MVN.ValidateUserNameUsingDataProvider" name="validatingUsername" time="43.945"/>
  <testcase classname="neoStoxTestClass_MVN.ValidateUserNameUsingDataProvider" name="validatingUsername" time="31.095"/>
  <testcase classname="neoStoxTestClass_MVN.ValidateUserNameUsingDataProvider" name="validatingUsername" time="21.719"/>
</testsuite> <!-- Default test -->
