<?xml version="1.0" encoding="UTF-8"?>
<testng-results ignored="0" total="3" passed="3" failed="0" skipped="0">
  <reporter-output>
    <line>
      <![CDATA[Reading data from property file]]>
    </line>
    <line>
      <![CDATA[data is https://neostox.com/]]>
    </line>
    <line>
      <![CDATA[waiting for 1000ms]]>
    </line>
    <line>
      <![CDATA[launching browser]]>
    </line>
    <line>
      <![CDATA[clicking on signIn button]]>
    </line>
    <line>
      <![CDATA[waiting for 1000ms]]>
    </line>
    <line>
      <![CDATA[Entering mobile number]]>
    </line>
    <line>
      <![CDATA[Clicking on Mobile sign in button]]>
    </line>
    <line>
      <![CDATA[waiting for 1000ms]]>
    </line>
    <line>
      <![CDATA[entering password]]>
    </line>
    <line>
      <![CDATA[clicking on submit button]]>
    </line>
    <line>
      <![CDATA[clicking on PopUp OK button]]>
    </line>
    <line>
      <![CDATA[getting actual user Name]]>
    </line>
    <line>
      <![CDATA[Actual user name is --> Hi Rahul Joge]]>
    </line>
    <line>
      <![CDATA[Logging out from neoStox]]>
    </line>
    <line>
      <![CDATA[TC is validatingUsername passed]]>
    </line>
    <line>
      <![CDATA[Closing application]]>
    </line>
    <line>
      <![CDATA[Reading data from property file]]>
    </line>
    <line>
      <![CDATA[data is https://neostox.com/]]>
    </line>
    <line>
      <![CDATA[waiting for 1000ms]]>
    </line>
    <line>
      <![CDATA[launching browser]]>
    </line>
    <line>
      <![CDATA[clicking on signIn button]]>
    </line>
    <line>
      <![CDATA[waiting for 1000ms]]>
    </line>
    <line>
      <![CDATA[Entering mobile number]]>
    </line>
    <line>
      <![CDATA[Clicking on Mobile sign in button]]>
    </line>
    <line>
      <![CDATA[waiting for 1000ms]]>
    </line>
    <line>
      <![CDATA[entering password]]>
    </line>
    <line>
      <![CDATA[clicking on submit button]]>
    </line>
    <line>
      <![CDATA[clicking on PopUp OK button]]>
    </line>
    <line>
      <![CDATA[getting actual user Name]]>
    </line>
    <line>
      <![CDATA[Actual user name is --> Hi Ankush More]]>
    </line>
    <line>
      <![CDATA[Logging out from neoStox]]>
    </line>
    <line>
      <![CDATA[TC is validatingUsername passed]]>
    </line>
    <line>
      <![CDATA[Closing application]]>
    </line>
    <line>
      <![CDATA[Reading data from property file]]>
    </line>
    <line>
      <![CDATA[data is https://neostox.com/]]>
    </line>
    <line>
      <![CDATA[waiting for 1000ms]]>
    </line>
    <line>
      <![CDATA[launching browser]]>
    </line>
    <line>
      <![CDATA[clicking on signIn button]]>
    </line>
    <line>
      <![CDATA[waiting for 1000ms]]>
    </line>
    <line>
      <![CDATA[Entering mobile number]]>
    </line>
    <line>
      <![CDATA[Clicking on Mobile sign in button]]>
    </line>
    <line>
      <![CDATA[waiting for 1000ms]]>
    </line>
    <line>
      <![CDATA[entering password]]>
    </line>
    <line>
      <![CDATA[clicking on submit button]]>
    </line>
    <line>
      <![CDATA[clicking on PopUp OK button]]>
    </line>
    <line>
      <![CDATA[getting actual user Name]]>
    </line>
    <line>
      <![CDATA[Actual user name is --> Hi Pooja Talekar]]>
    </line>
    <line>
      <![CDATA[Logging out from neoStox]]>
    </line>
    <line>
      <![CDATA[TC is validatingUsername passed]]>
    </line>
    <line>
      <![CDATA[Closing application]]>
    </line>
  </reporter-output>
  <suite started-at="2023-01-14T12:58:12 IST" name="Default suite" finished-at="2023-01-14T13:00:28 IST" duration-ms="136786">
    <groups>
    </groups>
    <test started-at="2023-01-14T12:58:12 IST" name="Default test" finished-at="2023-01-14T13:00:28 IST" duration-ms="136786">
      <class name="neoStoxTestClass_MVN.ValidateUserNameUsingDataProvider">
        <test-method is-config="true" signature="launchingNeoStoxSite()[pri:0, instance:neoStoxTestClass_MVN.ValidateUserNameUsingDataProvider@611889f4]" started-at="2023-01-14T12:58:12 IST" name="launchingNeoStoxSite" finished-at="2023-01-14T12:58:26 IST" duration-ms="14102" status="PASS">
          <reporter-output>
            <line>
              <![CDATA[Reading data from property file]]>
            </line>
            <line>
              <![CDATA[data is https://neostox.com/]]>
            </line>
            <line>
              <![CDATA[waiting for 1000ms]]>
            </line>
            <line>
              <![CDATA[launching browser]]>
            </line>
          </reporter-output>
        </test-method> <!-- launchingNeoStoxSite -->
        <test-method signature="validatingUsername(java.lang.String,java.lang.String,java.lang.String)[pri:0, instance:neoStoxTestClass_MVN.ValidateUserNameUsingDataProvider@611889f4]" started-at="2023-01-14T12:58:26 IST" name="validatingUsername" data-provider="loginDetailsforValidateUserName" finished-at="2023-01-14T12:59:10 IST" duration-ms="43945" status="PASS">
          <params>
            <param index="0">
              <value>
                <![CDATA[8208586061]]>
              </value>
            </param>
            <param index="1">
              <value>
                <![CDATA[8217]]>
              </value>
            </param>
            <param index="2">
              <value>
                <![CDATA[Hi Rahul Joge]]>
              </value>
            </param>
          </params>
          <reporter-output>
            <line>
              <![CDATA[clicking on signIn button]]>
            </line>
            <line>
              <![CDATA[waiting for 1000ms]]>
            </line>
            <line>
              <![CDATA[Entering mobile number]]>
            </line>
            <line>
              <![CDATA[Clicking on Mobile sign in button]]>
            </line>
            <line>
              <![CDATA[waiting for 1000ms]]>
            </line>
            <line>
              <![CDATA[entering password]]>
            </line>
            <line>
              <![CDATA[clicking on submit button]]>
            </line>
            <line>
              <![CDATA[clicking on PopUp OK button]]>
            </line>
            <line>
              <![CDATA[getting actual user Name]]>
            </line>
            <line>
              <![CDATA[Actual user name is --> Hi Rahul Joge]]>
            </line>
            <line>
              <![CDATA[Logging out from neoStox]]>
            </line>
            <line>
              <![CDATA[TC is validatingUsername passed]]>
            </line>
          </reporter-output>
        </test-method> <!-- validatingUsername -->
        <test-method is-config="true" signature="closingBrowser()[pri:0, instance:neoStoxTestClass_MVN.ValidateUserNameUsingDataProvider@611889f4]" started-at="2023-01-14T12:59:10 IST" name="closingBrowser" finished-at="2023-01-14T12:59:11 IST" duration-ms="1280" status="PASS">
          <reporter-output>
            <line>
              <![CDATA[Closing application]]>
            </line>
          </reporter-output>
        </test-method> <!-- closingBrowser -->
        <test-method is-config="true" signature="launchingNeoStoxSite()[pri:0, instance:neoStoxTestClass_MVN.ValidateUserNameUsingDataProvider@611889f4]" started-at="2023-01-14T12:59:11 IST" name="launchingNeoStoxSite" finished-at="2023-01-14T12:59:24 IST" duration-ms="13289" status="PASS">
          <reporter-output>
            <line>
              <![CDATA[Reading data from property file]]>
            </line>
            <line>
              <![CDATA[data is https://neostox.com/]]>
            </line>
            <line>
              <![CDATA[waiting for 1000ms]]>
            </line>
            <line>
              <![CDATA[launching browser]]>
            </line>
          </reporter-output>
        </test-method> <!-- launchingNeoStoxSite -->
        <test-method signature="validatingUsername(java.lang.String,java.lang.String,java.lang.String)[pri:0, instance:neoStoxTestClass_MVN.ValidateUserNameUsingDataProvider@611889f4]" started-at="2023-01-14T12:59:24 IST" name="validatingUsername" data-provider="loginDetailsforValidateUserName" finished-at="2023-01-14T12:59:55 IST" duration-ms="31095" status="PASS">
          <params>
            <param index="0">
              <value>
                <![CDATA[7387901637]]>
              </value>
            </param>
            <param index="1">
              <value>
                <![CDATA[9362]]>
              </value>
            </param>
            <param index="2">
              <value>
                <![CDATA[Hi Ankush More]]>
              </value>
            </param>
          </params>
          <reporter-output>
            <line>
              <![CDATA[clicking on signIn button]]>
            </line>
            <line>
              <![CDATA[waiting for 1000ms]]>
            </line>
            <line>
              <![CDATA[Entering mobile number]]>
            </line>
            <line>
              <![CDATA[Clicking on Mobile sign in button]]>
            </line>
            <line>
              <![CDATA[waiting for 1000ms]]>
            </line>
            <line>
              <![CDATA[entering password]]>
            </line>
            <line>
              <![CDATA[clicking on submit button]]>
            </line>
            <line>
              <![CDATA[clicking on PopUp OK button]]>
            </line>
            <line>
              <![CDATA[getting actual user Name]]>
            </line>
            <line>
              <![CDATA[Actual user name is --> Hi Ankush More]]>
            </line>
            <line>
              <![CDATA[Logging out from neoStox]]>
            </line>
            <line>
              <![CDATA[TC is validatingUsername passed]]>
            </line>
          </reporter-output>
        </test-method> <!-- validatingUsername -->
        <test-method is-config="true" signature="closingBrowser()[pri:0, instance:neoStoxTestClass_MVN.ValidateUserNameUsingDataProvider@611889f4]" started-at="2023-01-14T12:59:55 IST" name="closingBrowser" finished-at="2023-01-14T12:59:57 IST" duration-ms="1616" status="PASS">
          <reporter-output>
            <line>
              <![CDATA[Closing application]]>
            </line>
          </reporter-output>
        </test-method> <!-- closingBrowser -->
        <test-method is-config="true" signature="launchingNeoStoxSite()[pri:0, instance:neoStoxTestClass_MVN.ValidateUserNameUsingDataProvider@611889f4]" started-at="2023-01-14T12:59:57 IST" name="launchingNeoStoxSite" finished-at="2023-01-14T13:00:05 IST" duration-ms="8262" status="PASS">
          <reporter-output>
            <line>
              <![CDATA[Reading data from property file]]>
            </line>
            <line>
              <![CDATA[data is https://neostox.com/]]>
            </line>
            <line>
              <![CDATA[waiting for 1000ms]]>
            </line>
            <line>
              <![CDATA[launching browser]]>
            </line>
          </reporter-output>
        </test-method> <!-- launchingNeoStoxSite -->
        <test-method signature="validatingUsername(java.lang.String,java.lang.String,java.lang.String)[pri:0, instance:neoStoxTestClass_MVN.ValidateUserNameUsingDataProvider@611889f4]" started-at="2023-01-14T13:00:05 IST" name="validatingUsername" data-provider="loginDetailsforValidateUserName" finished-at="2023-01-14T13:00:27 IST" duration-ms="21719" status="PASS">
          <params>
            <param index="0">
              <value>
                <![CDATA[8805568380]]>
              </value>
            </param>
            <param index="1">
              <value>
                <![CDATA[2303]]>
              </value>
            </param>
            <param index="2">
              <value>
                <![CDATA[Hi Pooja Talekar]]>
              </value>
            </param>
          </params>
          <reporter-output>
            <line>
              <![CDATA[clicking on signIn button]]>
            </line>
            <line>
              <![CDATA[waiting for 1000ms]]>
            </line>
            <line>
              <![CDATA[Entering mobile number]]>
            </line>
            <line>
              <![CDATA[Clicking on Mobile sign in button]]>
            </line>
            <line>
              <![CDATA[waiting for 1000ms]]>
            </line>
            <line>
              <![CDATA[entering password]]>
            </line>
            <line>
              <![CDATA[clicking on submit button]]>
            </line>
            <line>
              <![CDATA[clicking on PopUp OK button]]>
            </line>
            <line>
              <![CDATA[getting actual user Name]]>
            </line>
            <line>
              <![CDATA[Actual user name is --> Hi Pooja Talekar]]>
            </line>
            <line>
              <![CDATA[Logging out from neoStox]]>
            </line>
            <line>
              <![CDATA[TC is validatingUsername passed]]>
            </line>
          </reporter-output>
        </test-method> <!-- validatingUsername -->
        <test-method is-config="true" signature="closingBrowser()[pri:0, instance:neoStoxTestClass_MVN.ValidateUserNameUsingDataProvider@611889f4]" started-at="2023-01-14T13:00:27 IST" name="closingBrowser" finished-at="2023-01-14T13:00:28 IST" duration-ms="1336" status="PASS">
          <reporter-output>
            <line>
              <![CDATA[Closing application]]>
            </line>
          </reporter-output>
        </test-method> <!-- closingBrowser -->
      </class> <!-- neoStoxTestClass_MVN.ValidateUserNameUsingDataProvider -->
    </test> <!-- Default test -->
  </suite> <!-- Default suite -->
</testng-results>
